<?xml version="1.0" encoding="UTF-8"?>
<TestRun id="4e349536-e573-4522-b1f5-bef2ec7a71a7" name="Alkazar@MYCOMPUTER 2011-01-12 15:04:59" runUser="MYCOMPUTER\Alkazar" xmlns="http://microsoft.com/schemas/VisualStudio/TeamTest/2010">
  <TestSettings name="Локальные" id="fd7e50c8-d520-47a4-a3a6-fc90e6eb1fbd">
    <Description>Это - параметры по умолчанию для локального тестового запуска.</Description>
    <Deployment enabled="false" runDeploymentRoot="Alkazar_MYCOMPUTER 2011-01-12 15_04_59" />
    <Execution>
      <TestTypeSpecific />
      <AgentRule name="Execution Agents">
      </AgentRule>
    </Execution>
  </TestSettings>
  <Times creation="2011-01-12T15:04:59.0781250+02:00" queuing="2011-01-12T15:05:05.0156250+02:00" start="2011-01-12T15:05:05.6250000+02:00" finish="2011-01-12T15:05:34.8437500+02:00" />
  <ResultSummary outcome="Failed">
    <Counters total="1" executed="1" error="0" failed="1" timeout="0" aborted="0" inconclusive="0" passedButRunAborted="0" notRunnable="0" notExecuted="0" disconnected="0" warning="0" passed="0" completed="0" inProgress="0" pending="0" />
  </ResultSummary>
  <TestDefinitions>
    <UnitTest name="CodedUITestMethod1" storage="c:\documents and settings\alkazar\мои документы\visual studio 2010\projects\tvpp\testproject1\bin\debug\testproject1.dll" id="c724dcba-737e-59be-d4b3-3aa12e47e71d">
      <Execution id="6b5c9a1d-d3dd-44ce-a26a-cc2619dadffb" />
      <TestMethod codeBase="C:/Documents and Settings/Alkazar/Мои документы/Visual Studio 2010/Projects/TVPP/TestProject1/bin/Debug/TestProject1.DLL" adapterTypeName="Microsoft.VisualStudio.TestTools.TestTypes.Unit.UnitTestAdapter, Microsoft.VisualStudio.QualityTools.Tips.UnitTest.Adapter, Version=10.0.0.0, Culture=neutral, PublicKeyToken=b03f5f7f11d50a3a" className="TestProject1.CodedUITest1, TestProject1, Version=1.0.0.0, Culture=neutral, PublicKeyToken=null" name="CodedUITestMethod1" />
      <Extension>Microsoft.VisualStudio.TestTools.UITesting.CodedUITestAttribute, Microsoft.VisualStudio.QualityTools.CodedUITestFramework, Version=10.0.0.0, Culture=neutral, PublicKeyToken=b03f5f7f11d50a3a</Extension>
    </UnitTest>
  </TestDefinitions>
  <TestLists>
    <TestList name="Отсутствующие в списке результаты" id="8c84fa94-04c1-424b-9868-57a2d4851a1d" />
    <TestList name="Все загруженные результаты" id="19431567-8539-422a-85d7-44ee4e166bda" />
  </TestLists>
  <TestEntries>
    <TestEntry testId="c724dcba-737e-59be-d4b3-3aa12e47e71d" executionId="6b5c9a1d-d3dd-44ce-a26a-cc2619dadffb" testListId="8c84fa94-04c1-424b-9868-57a2d4851a1d" />
  </TestEntries>
  <Results>
    <UnitTestResult executionId="6b5c9a1d-d3dd-44ce-a26a-cc2619dadffb" testId="c724dcba-737e-59be-d4b3-3aa12e47e71d" testName="CodedUITestMethod1" computerName="MYCOMPUTER" duration="00:00:26.8980156" startTime="2011-01-12T15:05:05.7500000+02:00" endTime="2011-01-12T15:05:34.6875000+02:00" testType="13cdc9d9-ddb5-4fa4-a97d-d965ccfc6d4b" outcome="Failed" testListId="8c84fa94-04c1-424b-9868-57a2d4851a1d" relativeResultsDirectory="6b5c9a1d-d3dd-44ce-a26a-cc2619dadffb">
      <Output>
        <DebugTrace>W, 252, 14, 2011/01/12, 15:05:11.515, 319379910728876, QTAgent32.exe, Playback - [WARNING] Internal warning: Window Not Found: [VisibleOnly]ControlType='Window' &amp;&amp; Name='Debug' &amp;&amp; ClassName='CabinetWClass'
\0
E, 252, 14, 2011/01/12, 15:05:11.578, 319380031344666, QTAgent32.exe, &lt;a class=failure&gt;Playback - {1} [FAILED] Function ElementFetcher::FindScreenElement failed to locate UI element (Searching: ;[VisibleOnly]ControlType='Window' &amp;&amp; Name='Debug' &amp;&amp; ClassName='CabinetWClass') (Указанный объект не найден.)
\0&lt;/a&gt;
E, 252, 14, 2011/01/12, 15:05:11.781, 319380369002636, QTAgent32.exe, Playback - [IMAGE] C:\Documents and Settings\Alkazar\Local Settings\Temp\UITestLogs\LastRun\RPF42EE.png
\0
W, 252, 14, 2011/01/12, 15:05:11.781, 319380369772686, QTAgent32.exe, Playback - [WARNING] Internal warning: Couldn't find descendants that match QueryId
\0
W, 252, 14, 2011/01/12, 15:05:11.812, 319380402444206, QTAgent32.exe, PERF WARNING: FindTopLevelWindowHelper::FindAllDescendents: took 753 ms. Expected it to take maximum 500 ms.
W, 252, 14, 2011/01/12, 15:05:29.921, 319410592728196, QTAgent32.exe, Playback - [WARNING] Internal warning: Window Not Found: [VisibleOnly]ControlType='Window' &amp;&amp; Name='Debug' &amp;&amp; ClassName='CabinetWClass'
\0
E, 252, 14, 2011/01/12, 15:05:29.921, 319410593640056, QTAgent32.exe, &lt;a class=failure&gt;Playback - {2} [FAILED] Function ElementFetcher::FindScreenElement failed to locate UI element (Searching: ;[VisibleOnly]ControlType='Window' &amp;&amp; Name='Debug' &amp;&amp; ClassName='CabinetWClass') (Указанный объект не найден.)
\0&lt;/a&gt;
E, 252, 14, 2011/01/12, 15:05:30.078, 319410841710736, QTAgent32.exe, Playback - [IMAGE] C:\Documents and Settings\Alkazar\Local Settings\Temp\UITestLogs\LastRun\RPF42EF.png
\0
W, 252, 14, 2011/01/12, 15:05:30.078, 319410842369696, QTAgent32.exe, Playback - [WARNING] Internal warning: Couldn't find descendants that match QueryId
\0
W, 252, 14, 2011/01/12, 15:05:30.078, 319410843479616, QTAgent32.exe, PERF WARNING: FindTopLevelWindowHelper::FindAllDescendents: took 18228 ms. Expected it to take maximum 500 ms.
W, 252, 14, 2011/01/12, 15:05:31.093, 319412528774526, QTAgent32.exe, Playback - [WARNING] Internal warning: Smart Match failed
\0
W, 252, 14, 2011/01/12, 15:05:31.531, 319413264826106, QTAgent32.exe, Playback - [WARNING] Internal warning: Smart Match failed
\0
W, 252, 14, 2011/01/12, 15:05:31.796, 319413716766826, QTAgent32.exe, Playback - [WARNING] Internal warning: Smart Match failed
\0
W, 252, 14, 2011/01/12, 15:05:32.046, 319414136633486, QTAgent32.exe, Playback - [WARNING] Internal warning: Smart Match failed
\0
W, 252, 14, 2011/01/12, 15:05:32.296, 319414549948106, QTAgent32.exe, Playback - [WARNING] Internal warning: Smart Match failed
\0
W, 252, 14, 2011/01/12, 15:05:32.546, 319414964921516, QTAgent32.exe, Playback - [WARNING] Internal warning: Smart Match failed
\0
W, 252, 14, 2011/01/12, 15:05:32.812, 319415396200796, QTAgent32.exe, Playback - [WARNING] Internal warning: Smart Match failed
\0
W, 252, 14, 2011/01/12, 15:05:33.062, 319415811196676, QTAgent32.exe, Playback - [WARNING] Internal warning: Smart Match failed
\0
W, 252, 14, 2011/01/12, 15:05:33.171, 319416014513996, QTAgent32.exe, Playback - [WARNING] Internal warning: Window Not Found: [VisibleOnly]ControlType='Window' &amp;&amp; Name='Debug' &amp;&amp; ClassName='CabinetWClass'
\0
E, 252, 14, 2011/01/12, 15:05:33.171, 319416015223216, QTAgent32.exe, &lt;a class=failure&gt;Playback - {3} [FAILED] Function ElementFetcher::FindScreenElement failed to locate UI element (Searching: ;[VisibleOnly]ControlType='Window' &amp;&amp; Name='Debug' &amp;&amp; ClassName='CabinetWClass') (Указанный объект не найден.)
\0&lt;/a&gt;
E, 252, 14, 2011/01/12, 15:05:33.328, 319416264066096, QTAgent32.exe, Playback - [IMAGE] C:\Documents and Settings\Alkazar\Local Settings\Temp\UITestLogs\LastRun\RPF42F0.png
\0
W, 252, 14, 2011/01/12, 15:05:33.328, 319416264692766, QTAgent32.exe, Playback - [WARNING] Internal warning: Couldn't find descendants that match QueryId
\0
W, 252, 14, 2011/01/12, 15:05:33.328, 319416265838796, QTAgent32.exe, PERF WARNING: FindTopLevelWindowHelper::FindAllDescendents: took 3252 ms. Expected it to take maximum 500 ms.
E, 252, 14, 2011/01/12, 15:05:33.328, 319416272284576, QTAgent32.exe, Exception: System.Runtime.InteropServices.COMException
	Message: В результате вызова компонента COM возвращена ошибка в формате HRESULT E_FAIL.
	Stack Trace:    в Microsoft.VisualStudio.TestTools.UITest.Playback.Engine.IRPFPlayback.FindAllScreenElements(IScreenElement pScreenElementStart, String bstrQueryId, Object&amp; pvarResKeys, Int32 cResKeys, Int32 nMaxDepth, Object[]&amp; foundDescendants)
   в Microsoft.VisualStudio.TestTools.UITest.Playback.ScreenElement.FindTopLevelWindowHelper(String queryId)
	BaseExceptionMessage: В результате вызова компонента COM возвращена ошибка в формате HRESULT E_FAIL.

E, 252, 14, 2011/01/12, 15:05:34.046, 319417472020376, QTAgent32.exe, AL: Playback Error: Microsoft.VisualStudio.TestTools.UITest.Extension.UITestControlNotFoundException: Дополнительные сведения При воспроизведении не удалось найти элемент управления с указанными свойствами поиска.: 
TechnologyName:  "MSAA"
ControlType:  "Window"
Name:  "Debug"
ClassName:  "CabinetWClass"
 ---&gt; System.Runtime.InteropServices.COMException: В результате вызова компонента COM возвращена ошибка в формате HRESULT E_FAIL.
   в Microsoft.VisualStudio.TestTools.UITest.Playback.Engine.IRPFPlayback.FindAllScreenElements(IScreenElement pScreenElementStart, String bstrQueryId, Object&amp; pvarResKeys, Int32 cResKeys, Int32 nMaxDepth, Object[]&amp; foundDescendants)
   в Microsoft.VisualStudio.TestTools.UITest.Playback.ScreenElement.FindTopLevelWindowHelper(String queryId)
   в Microsoft.VisualStudio.TestTools.UITest.Playback.ScreenElement.FindFromPartialQueryId(String queryId)
   в Microsoft.VisualStudio.TestTools.UITesting.UITestControl..ctor(String queryId)
   --- Конец трассировки внутреннего стека исключений ---
   в Microsoft.VisualStudio.TestTools.UITesting.Playback.MapControlNotFoundException(COMException ex, IPlaybackContext context)
   в Microsoft.VisualStudio.TestTools.UITesting.Playback.MapAndThrowComException(COMException innerException, IPlaybackContext context)
   в Microsoft.VisualStudio.TestTools.UITesting.Playback.MapAndThrowException(SystemException exception, IPlaybackContext context)
   в Microsoft.VisualStudio.TestTools.UITesting.Playback.MapAndThrowException(SystemException exception, String queryId)
   в Microsoft.VisualStudio.TestTools.UITesting.UITestControl..ctor(String queryId)
   в Microsoft.VisualStudio.TestTools.UITesting.SearchHelper.SearchTopLevelWindow(ISearchArgument topLevelSearchArg, String topLevelElementQueryId)
   в Microsoft.VisualStudio.TestTools.UITesting.SearchHelper.GetTitleUpdatedTopLevelWindow(ISearchArgument topLevelSearchArg, String queryId, IList`1 windowTitles)
   в Microsoft.VisualStudio.TestTools.UITesting.SearchHelper.GetTopLevelElement(Boolean useCache, Boolean useCacheOnly, ISearchArgument searchArg, IList`1 windowTitles, Int32&amp; timeLeft)
   в Microsoft.VisualStudio.TestTools.UITesting.SearchHelper.GetElement(Boolean useCache, ISearchArgument searchArg)
   в Microsoft.VisualStudio.TestTools.UITesting.SearchHelper.Search(ISearchArgument searchArg)
   в Microsoft.VisualStudio.TestTools.UITesting.UITestControl.FindInternal()
   в Microsoft.VisualStudio.TestTools.UITesting.UITestControl.FindControlIfNecessary()
   в Microsoft.VisualStudio.TestTools.UITesting.UITestControl.DoubleClick(MouseButtons button, ModifierKeys modifierKeys, Point relativeCoordinates)
   в Microsoft.VisualStudio.TestTools.UITesting.Mouse.DoubleClickImplementation(UITestControl control, MouseButtons button, ModifierKeys modifierKeys, Point relativeCoordinate)
   в Microsoft.VisualStudio.TestTools.UITesting.Mouse.DoubleClickImplementationWrapper(UITestControl control, MouseButtons button, ModifierKeys modifierKeys, Point relativeCoordinate)
W, 252, 14, 2011/01/12, 15:05:34.515, 319418253970606, QTAgent32.exe, IEDOM : StopSession of the plugin called before StartSession
W, 252, 14, 2011/01/12, 15:05:34.515, 319418254325956, QTAgent32.exe, UIA : StopSession of the plugin called before StartSession
</DebugTrace>
        <ErrorInfo>
          <Message>Метод проверки TestProject1.CodedUITest1.CodedUITestMethod1 выдал исключение: Microsoft.VisualStudio.TestTools.UITest.Extension.UITestControlNotFoundException: Дополнительные сведения При воспроизведении не удалось найти элемент управления с указанными свойствами поиска.: 
TechnologyName:  "MSAA"
ControlType:  "Window"
Name:  "Debug"
ClassName:  "CabinetWClass"
 ---&gt; System.Runtime.InteropServices.COMException: В результате вызова компонента COM возвращена ошибка в формате HRESULT E_FAIL..</Message>
          <StackTrace>    в Microsoft.VisualStudio.TestTools.UITest.Playback.Engine.IRPFPlayback.FindAllScreenElements(IScreenElement pScreenElementStart, String bstrQueryId, Object&amp; pvarResKeys, Int32 cResKeys, Int32 nMaxDepth, Object[]&amp; foundDescendants)
   в Microsoft.VisualStudio.TestTools.UITest.Playback.ScreenElement.FindTopLevelWindowHelper(String queryId)
   в Microsoft.VisualStudio.TestTools.UITest.Playback.ScreenElement.FindFromPartialQueryId(String queryId)
   в Microsoft.VisualStudio.TestTools.UITesting.UITestControl..ctor(String queryId)
 --- Конец трассировки стека внутреннего исключения ---
    в Microsoft.VisualStudio.TestTools.UITesting.Playback.MapControlNotFoundException(COMException ex, IPlaybackContext context)
   в Microsoft.VisualStudio.TestTools.UITesting.Playback.MapAndThrowComException(COMException innerException, IPlaybackContext context)
   в Microsoft.VisualStudio.TestTools.UITesting.Playback.MapAndThrowException(SystemException exception, IPlaybackContext context)
   в Microsoft.VisualStudio.TestTools.UITesting.Playback.MapAndThrowException(SystemException exception, String queryId)
   в Microsoft.VisualStudio.TestTools.UITesting.UITestControl..ctor(String queryId)
   в Microsoft.VisualStudio.TestTools.UITesting.SearchHelper.SearchTopLevelWindow(ISearchArgument topLevelSearchArg, String topLevelElementQueryId)
   в Microsoft.VisualStudio.TestTools.UITesting.SearchHelper.GetTitleUpdatedTopLevelWindow(ISearchArgument topLevelSearchArg, String queryId, IList`1 windowTitles)
   в Microsoft.VisualStudio.TestTools.UITesting.SearchHelper.GetTopLevelElement(Boolean useCache, Boolean useCacheOnly, ISearchArgument searchArg, IList`1 windowTitles, Int32&amp; timeLeft)
   в Microsoft.VisualStudio.TestTools.UITesting.SearchHelper.GetElement(Boolean useCache, ISearchArgument searchArg)
   в Microsoft.VisualStudio.TestTools.UITesting.SearchHelper.Search(ISearchArgument searchArg)
   в Microsoft.VisualStudio.TestTools.UITesting.UITestControl.FindInternal()
   в Microsoft.VisualStudio.TestTools.UITesting.UITestControl.FindControlIfNecessary()
   в Microsoft.VisualStudio.TestTools.UITesting.UITestControl.DoubleClick(MouseButtons button, ModifierKeys modifierKeys, Point relativeCoordinates)
   в Microsoft.VisualStudio.TestTools.UITesting.Mouse.DoubleClickImplementation(UITestControl control, MouseButtons button, ModifierKeys modifierKeys, Point relativeCoordinate)
   в Microsoft.VisualStudio.TestTools.UITesting.Mouse.DoubleClickImplementationWrapper(UITestControl control, MouseButtons button, ModifierKeys modifierKeys, Point relativeCoordinate)
   в Microsoft.VisualStudio.TestTools.UITesting.Mouse.DoubleClick(UITestControl control, Point relativeCoordinate)
   в TestProject1.UIMap.RecordedMethod1() в C:\Documents and Settings\Alkazar\Мои документы\Visual Studio 2010\Projects\TVPP\TestProject1\UIMap.Designer.cs:строка 49
   в TestProject1.CodedUITest1.CodedUITestMethod1() в C:\Documents and Settings\Alkazar\Мои документы\Visual Studio 2010\Projects\TVPP\TestProject1\CodedUITest1.cs:строка 30
</StackTrace>
        </ErrorInfo>
      </Output>
      <ResultFiles>
        <ResultFile path="MYCOMPUTER\CodedUITestMethod1.png" />
      </ResultFiles>
      <ExtensionResult>Адресат вызова создал исключение.</ExtensionResult>
    </UnitTestResult>
  </Results>
</TestRun>