<?xml version="1.0" encoding="UTF-8"?>
<TestRun id="c320a946-c59b-4ba9-9483-350c4db1cc28" name="Alkazar@MYCOMPUTER 2011-01-13 20:15:45" runUser="MYCOMPUTER\Alkazar" xmlns="http://microsoft.com/schemas/VisualStudio/TeamTest/2010">
  <TestSettings name="Локальные" id="fd7e50c8-d520-47a4-a3a6-fc90e6eb1fbd">
    <Description>Это - параметры по умолчанию для локального тестового запуска.</Description>
    <Deployment enabled="false" runDeploymentRoot="Alkazar_MYCOMPUTER 2011-01-13 20_15_45" />
    <Execution>
      <TestTypeSpecific />
      <AgentRule name="Execution Agents">
      </AgentRule>
    </Execution>
  </TestSettings>
  <Times creation="2011-01-13T20:15:45.9531250+02:00" queuing="2011-01-13T20:15:46.0000000+02:00" start="2011-01-13T20:15:46.0468750+02:00" finish="2011-01-13T20:15:52.2500000+02:00" />
  <ResultSummary outcome="Failed">
    <Counters total="1" executed="1" error="0" failed="1" timeout="0" aborted="0" inconclusive="0" passedButRunAborted="0" notRunnable="0" notExecuted="0" disconnected="0" warning="0" passed="0" completed="0" inProgress="0" pending="0" />
  </ResultSummary>
  <TestDefinitions>
    <UnitTest name="CodedUITestMethod1" storage="c:\documents and settings\alkazar\мои документы\visual studio 2010\projects\tvpp\testproject1\bin\debug\testproject1.dll" id="c724dcba-737e-59be-d4b3-3aa12e47e71d">
      <Execution id="a78d77fb-499f-4f1d-8a0a-082207101f38" />
      <TestMethod codeBase="C:/Documents and Settings/Alkazar/Мои документы/Visual Studio 2010/Projects/TVPP/TestProject1/bin/Debug/TestProject1.DLL" adapterTypeName="Microsoft.VisualStudio.TestTools.TestTypes.Unit.UnitTestAdapter, Microsoft.VisualStudio.QualityTools.Tips.UnitTest.Adapter, Version=10.0.0.0, Culture=neutral, PublicKeyToken=b03f5f7f11d50a3a" className="TestProject1.CodedUITest1, TestProject1, Version=1.0.0.0, Culture=neutral, PublicKeyToken=null" name="CodedUITestMethod1" />
      <Extension>Microsoft.VisualStudio.TestTools.UITesting.CodedUITestAttribute, Microsoft.VisualStudio.QualityTools.CodedUITestFramework, Version=10.0.0.0, Culture=neutral, PublicKeyToken=b03f5f7f11d50a3a</Extension>
    </UnitTest>
  </TestDefinitions>
  <TestLists>
    <TestList name="Отсутствующие в списке результаты" id="8c84fa94-04c1-424b-9868-57a2d4851a1d" />
    <TestList name="Все загруженные результаты" id="19431567-8539-422a-85d7-44ee4e166bda" />
  </TestLists>
  <TestEntries>
    <TestEntry testId="c724dcba-737e-59be-d4b3-3aa12e47e71d" executionId="a78d77fb-499f-4f1d-8a0a-082207101f38" testListId="8c84fa94-04c1-424b-9868-57a2d4851a1d" />
  </TestEntries>
  <Results>
    <UnitTestResult executionId="a78d77fb-499f-4f1d-8a0a-082207101f38" testId="c724dcba-737e-59be-d4b3-3aa12e47e71d" testName="CodedUITestMethod1" computerName="MYCOMPUTER" duration="00:00:04.6580647" startTime="2011-01-13T20:15:46.0625000+02:00" endTime="2011-01-13T20:15:52.0468750+02:00" testType="13cdc9d9-ddb5-4fa4-a97d-d965ccfc6d4b" outcome="Failed" testListId="8c84fa94-04c1-424b-9868-57a2d4851a1d" relativeResultsDirectory="a78d77fb-499f-4f1d-8a0a-082207101f38">
      <Output>
        <DebugTrace>W, 840, 20, 2011/01/13, 20:15:48.968, 494485404667552, QTAgent32.exe, Playback - [WARNING] Internal warning: Window Not Found: [VisibleOnly]ControlType='Window' &amp;&amp; Name='Debug' &amp;&amp; ClassName='CabinetWClass'
\0
E, 840, 20, 2011/01/13, 20:15:48.968, 494485408979092, QTAgent32.exe, &lt;a class=failure&gt;Playback - {1} [FAILED] Function ElementFetcher::FindScreenElement failed to locate UI element (Searching: ;[VisibleOnly]ControlType='Window' &amp;&amp; Name='Debug' &amp;&amp; ClassName='CabinetWClass') (Указанный объект не найден.)
\0&lt;/a&gt;
E, 840, 20, 2011/01/13, 20:15:49.125, 494485658781632, QTAgent32.exe, Playback - [IMAGE] C:\Documents and Settings\Alkazar\Local Settings\Temp\UITestLogs\LastRun\RPF49E4.png
\0
W, 840, 20, 2011/01/13, 20:15:49.125, 494485659528072, QTAgent32.exe, Playback - [WARNING] Internal warning: Couldn't find descendants that match QueryId
\0
W, 840, 20, 2011/01/13, 20:15:49.125, 494485661799672, QTAgent32.exe, PERF WARNING: FindTopLevelWindowHelper::FindAllDescendents: took 510 ms. Expected it to take maximum 500 ms.
W, 840, 20, 2011/01/13, 20:15:50.328, 494487685909322, QTAgent32.exe, &lt;a class=success&gt;Playback - {2} [SUCCESS] DoubleClick - "[MSAA]ControlType='ListItem' &amp;&amp; Name='WindowsFormsApplication6.exe'"  &lt; Mouse cursor location (710, 163) &gt;
\0&lt;/a&gt;
W, 840, 20, 2011/01/13, 20:15:51.500, 494489640668712, QTAgent32.exe, Playback - [WARNING] Internal failure: WindowFromAccessibleObject failed for real IAccessible (Неопознанная ошибка)
\0
W, 840, 20, 2011/01/13, 20:15:51.562, 494489742978232, QTAgent32.exe, Playback - [WARNING] Internal failure: WindowFromAccessibleObject failed for real IAccessible (Неопознанная ошибка)
\0
W, 840, 20, 2011/01/13, 20:15:51.625, 494489833681042, QTAgent32.exe, Playback - [WARNING] Internal failure: WindowFromAccessibleObject failed for real IAccessible (Неопознанная ошибка)
\0
E, 840, 20, 2011/01/13, 20:15:51.765, 494490065610132, QTAgent32.exe, AL: Playback Error: Microsoft.VisualStudio.TestTools.UITest.Extension.UITestControlNotFoundException: Дополнительные сведения При воспроизведении не удалось найти элемент управления с указанными свойствами поиска.: 
TechnologyName:  "MSAA"
ControlType:  "Edit"
 ---&gt; System.Runtime.InteropServices.COMException: В результате вызова компонента COM возвращена ошибка в формате HRESULT E_FAIL.
   в Microsoft.VisualStudio.TestTools.UITest.Extension.IUITechnologyElement.get_WindowHandle()
   в Microsoft.VisualStudio.TestTools.UITest.Playback.ScreenElement.FindScreenElement(String queryId, Int32 depth)
   в Microsoft.VisualStudio.TestTools.UITesting.UITestControl.FindFirstDescendant(String queryId, Int32 maxDepth, Int32&amp; timeLeft)
   --- Конец трассировки внутреннего стека исключений ---
   в Microsoft.VisualStudio.TestTools.UITesting.Playback.MapControlNotFoundException(COMException ex, IPlaybackContext context)
   в Microsoft.VisualStudio.TestTools.UITesting.Playback.MapAndThrowComException(COMException innerException, IPlaybackContext context)
   в Microsoft.VisualStudio.TestTools.UITesting.Playback.MapAndThrowException(SystemException exception, IPlaybackContext context)
   в Microsoft.VisualStudio.TestTools.UITesting.Playback.MapAndThrowException(SystemException exception, String queryId)
   в Microsoft.VisualStudio.TestTools.UITesting.UITestControl.FindFirstDescendant(String queryId, Int32 maxDepth, Int32&amp; timeLeft)
   в Microsoft.VisualStudio.TestTools.UITesting.SearchHelper.GetElement(Boolean useCache, ISearchArgument searchArg)
   в Microsoft.VisualStudio.TestTools.UITesting.SearchHelper.Search(ISearchArgument searchArg)
   в Microsoft.VisualStudio.TestTools.UITesting.UITestControl.FindInternal()
   в Microsoft.VisualStudio.TestTools.UITesting.UITestControl.FindControlIfNecessary()
   в Microsoft.VisualStudio.TestTools.UITesting.UITestControl.SetProperty(String propertyName, Object value)
W, 840, 20, 2011/01/13, 20:15:51.968, 494490408472322, QTAgent32.exe, IEDOM : StopSession of the plugin called before StartSession
W, 840, 20, 2011/01/13, 20:15:51.968, 494490408834402, QTAgent32.exe, UIA : StopSession of the plugin called before StartSession
</DebugTrace>
        <ErrorInfo>
          <Message>Метод проверки TestProject1.CodedUITest1.CodedUITestMethod1 выдал исключение: Microsoft.VisualStudio.TestTools.UITest.Extension.UITestControlNotFoundException: Дополнительные сведения При воспроизведении не удалось найти элемент управления с указанными свойствами поиска.: 
TechnologyName:  "MSAA"
ControlType:  "Edit"
 ---&gt; System.Runtime.InteropServices.COMException: В результате вызова компонента COM возвращена ошибка в формате HRESULT E_FAIL..</Message>
          <StackTrace>    в Microsoft.VisualStudio.TestTools.UITest.Extension.IUITechnologyElement.get_WindowHandle()
   в Microsoft.VisualStudio.TestTools.UITest.Playback.ScreenElement.FindScreenElement(String queryId, Int32 depth)
   в Microsoft.VisualStudio.TestTools.UITesting.UITestControl.FindFirstDescendant(String queryId, Int32 maxDepth, Int32&amp; timeLeft)
 --- Конец трассировки стека внутреннего исключения ---
    в Microsoft.VisualStudio.TestTools.UITesting.Playback.MapControlNotFoundException(COMException ex, IPlaybackContext context)
   в Microsoft.VisualStudio.TestTools.UITesting.Playback.MapAndThrowComException(COMException innerException, IPlaybackContext context)
   в Microsoft.VisualStudio.TestTools.UITesting.Playback.MapAndThrowException(SystemException exception, IPlaybackContext context)
   в Microsoft.VisualStudio.TestTools.UITesting.Playback.MapAndThrowException(SystemException exception, String queryId)
   в Microsoft.VisualStudio.TestTools.UITesting.UITestControl.FindFirstDescendant(String queryId, Int32 maxDepth, Int32&amp; timeLeft)
   в Microsoft.VisualStudio.TestTools.UITesting.SearchHelper.GetElement(Boolean useCache, ISearchArgument searchArg)
   в Microsoft.VisualStudio.TestTools.UITesting.SearchHelper.Search(ISearchArgument searchArg)
   в Microsoft.VisualStudio.TestTools.UITesting.UITestControl.FindInternal()
   в Microsoft.VisualStudio.TestTools.UITesting.UITestControl.FindControlIfNecessary()
   в Microsoft.VisualStudio.TestTools.UITesting.UITestControl.SetProperty(String propertyName, Object value)
   в Microsoft.VisualStudio.TestTools.UITesting.WinControls.WinEdit.set_Text(String value)
   в TestProject1.UIMap.RecordedMethod1() в C:\Documents and Settings\Alkazar\Мои документы\Visual Studio 2010\Projects\TVPP\TestProject1\UIMap.Designer.cs:строка 52
   в TestProject1.CodedUITest1.CodedUITestMethod1() в C:\Documents and Settings\Alkazar\Мои документы\Visual Studio 2010\Projects\TVPP\TestProject1\CodedUITest1.cs:строка 30
</StackTrace>
        </ErrorInfo>
      </Output>
      <ResultFiles>
        <ResultFile path="MYCOMPUTER\CodedUITestMethod1.png" />
      </ResultFiles>
      <ExtensionResult>Адресат вызова создал исключение.</ExtensionResult>
    </UnitTestResult>
  </Results>
</TestRun>